{"/home/yari/Desktop/PersonalRepos/vindow/src/app.js": {"path":"/home/yari/Desktop/PersonalRepos/vindow/src/app.js","statementMap":{"0":{"start":{"line":1,"column":16},"end":{"line":1,"column":34}},"1":{"start":{"line":2,"column":12},"end":{"line":2,"column":36}},"2":{"start":{"line":3,"column":19},"end":{"line":3,"column":41}},"3":{"start":{"line":5,"column":19},"end":{"line":5,"column":49}},"4":{"start":{"line":6,"column":11},"end":{"line":6,"column":39}},"5":{"start":{"line":8,"column":15},"end":{"line":8,"column":34}},"6":{"start":{"line":9,"column":12},"end":{"line":9,"column":21}},"7":{"start":{"line":12,"column":23},"end":{"line":12,"column":40}},"8":{"start":{"line":13,"column":29},"end":{"line":13,"column":67}},"9":{"start":{"line":16,"column":0},"end":{"line":16,"column":5}},"10":{"start":{"line":19,"column":0},"end":{"line":19,"column":13}},"11":{"start":{"line":20,"column":0},"end":{"line":20,"column":24}},"12":{"start":{"line":21,"column":0},"end":{"line":21,"column":30}},"13":{"start":{"line":24,"column":0},"end":{"line":30,"column":4}},"14":{"start":{"line":25,"column":4},"end":{"line":25,"column":54}},"15":{"start":{"line":26,"column":5},"end":{"line":26,"column":63}},"16":{"start":{"line":27,"column":5},"end":{"line":27,"column":80}},"17":{"start":{"line":28,"column":5},"end":{"line":28,"column":235}},"18":{"start":{"line":29,"column":3},"end":{"line":29,"column":10}},"19":{"start":{"line":33,"column":0},"end":{"line":33,"column":23}},"20":{"start":{"line":34,"column":0},"end":{"line":34,"column":60}},"21":{"start":{"line":34,"column":32},"end":{"line":34,"column":58}},"22":{"start":{"line":37,"column":0},"end":{"line":37,"column":20}}},"fnMap":{"0":{"name":"(anonymous_0)","decl":{"start":{"line":24,"column":8},"end":{"line":24,"column":9}},"loc":{"start":{"line":24,"column":33},"end":{"line":30,"column":2}},"line":24},"1":{"name":"(anonymous_1)","decl":{"start":{"line":34,"column":17},"end":{"line":34,"column":18}},"loc":{"start":{"line":34,"column":31},"end":{"line":34,"column":59}},"line":34}},"branchMap":{},"s":{"0":1,"1":1,"2":1,"3":1,"4":1,"5":1,"6":1,"7":1,"8":1,"9":1,"10":1,"11":1,"12":1,"13":1,"14":2,"15":2,"16":2,"17":2,"18":2,"19":1,"20":1,"21":0,"22":1},"f":{"0":2,"1":0},"b":{},"_coverageSchema":"1a1c01bbd47fc00a2c39e90264f33305004495a9","hash":"ca392c52cc4eb5860c2e62fe420828801475400f"}
,"/home/yari/Desktop/PersonalRepos/vindow/src/api/heros/herosController.js": {"path":"/home/yari/Desktop/PersonalRepos/vindow/src/api/heros/herosController.js","statementMap":{"0":{"start":{"line":1,"column":14},"end":{"line":1,"column":35}},"1":{"start":{"line":3,"column":0},"end":{"line":17,"column":1}},"2":{"start":{"line":4,"column":17},"end":{"line":7,"column":5}},"3":{"start":{"line":8,"column":4},"end":{"line":16,"column":5}},"4":{"start":{"line":9,"column":8},"end":{"line":9,"column":32}},"5":{"start":{"line":10,"column":8},"end":{"line":12,"column":10}},"6":{"start":{"line":15,"column":8},"end":{"line":15,"column":49}},"7":{"start":{"line":19,"column":0},"end":{"line":28,"column":1}},"8":{"start":{"line":20,"column":4},"end":{"line":27,"column":5}},"9":{"start":{"line":21,"column":22},"end":{"line":21,"column":42}},"10":{"start":{"line":22,"column":8},"end":{"line":24,"column":10}},"11":{"start":{"line":26,"column":8},"end":{"line":26,"column":49}},"12":{"start":{"line":31,"column":0},"end":{"line":39,"column":1}},"13":{"start":{"line":32,"column":4},"end":{"line":38,"column":5}},"14":{"start":{"line":33,"column":21},"end":{"line":33,"column":59}},"15":{"start":{"line":34,"column":8},"end":{"line":34,"column":32}},"16":{"start":{"line":37,"column":8},"end":{"line":37,"column":61}},"17":{"start":{"line":41,"column":0},"end":{"line":53,"column":1}},"18":{"start":{"line":42,"column":17},"end":{"line":45,"column":5}},"19":{"start":{"line":46,"column":4},"end":{"line":52,"column":5}},"20":{"start":{"line":47,"column":8},"end":{"line":47,"column":54}},"21":{"start":{"line":48,"column":8},"end":{"line":48,"column":56}},"22":{"start":{"line":51,"column":8},"end":{"line":51,"column":47}},"23":{"start":{"line":55,"column":0},"end":{"line":65,"column":1}},"24":{"start":{"line":56,"column":4},"end":{"line":64,"column":5}},"25":{"start":{"line":57,"column":8},"end":{"line":57,"column":48}},"26":{"start":{"line":58,"column":8},"end":{"line":60,"column":10}},"27":{"start":{"line":63,"column":8},"end":{"line":63,"column":49}}},"fnMap":{"0":{"name":"(anonymous_0)","decl":{"start":{"line":3,"column":21},"end":{"line":3,"column":22}},"loc":{"start":{"line":3,"column":53},"end":{"line":17,"column":1}},"line":3},"1":{"name":"(anonymous_1)","decl":{"start":{"line":19,"column":19},"end":{"line":19,"column":20}},"loc":{"start":{"line":19,"column":51},"end":{"line":28,"column":1}},"line":19},"2":{"name":"(anonymous_2)","decl":{"start":{"line":31,"column":18},"end":{"line":31,"column":19}},"loc":{"start":{"line":31,"column":50},"end":{"line":39,"column":1}},"line":31},"3":{"name":"(anonymous_3)","decl":{"start":{"line":41,"column":21},"end":{"line":41,"column":22}},"loc":{"start":{"line":41,"column":53},"end":{"line":53,"column":1}},"line":41},"4":{"name":"(anonymous_4)","decl":{"start":{"line":55,"column":21},"end":{"line":55,"column":22}},"loc":{"start":{"line":55,"column":53},"end":{"line":65,"column":1}},"line":55}},"branchMap":{},"s":{"0":1,"1":1,"2":0,"3":0,"4":0,"5":0,"6":0,"7":1,"8":2,"9":2,"10":2,"11":0,"12":1,"13":0,"14":0,"15":0,"16":0,"17":1,"18":0,"19":0,"20":0,"21":0,"22":0,"23":1,"24":0,"25":0,"26":0,"27":0},"f":{"0":0,"1":2,"2":0,"3":0,"4":0},"b":{},"_coverageSchema":"1a1c01bbd47fc00a2c39e90264f33305004495a9","hash":"bf65a9514dc20a8d9fecfbe28f76ac5a4a2cfa39"}
,"/home/yari/Desktop/PersonalRepos/vindow/src/api/heros/herosDao.js": {"path":"/home/yari/Desktop/PersonalRepos/vindow/src/api/heros/herosDao.js","statementMap":{"0":{"start":{"line":2,"column":17},"end":{"line":2,"column":36}},"1":{"start":{"line":3,"column":20},"end":{"line":3,"column":44}},"2":{"start":{"line":5,"column":0},"end":{"line":17,"column":1}},"3":{"start":{"line":7,"column":21},"end":{"line":7,"column":35}},"4":{"start":{"line":8,"column":8},"end":{"line":8,"column":21}},"5":{"start":{"line":11,"column":8},"end":{"line":11,"column":73}},"6":{"start":{"line":14,"column":8},"end":{"line":14,"column":40}},"7":{"start":{"line":19,"column":17},"end":{"line":19,"column":53}},"8":{"start":{"line":20,"column":0},"end":{"line":20,"column":28}}},"fnMap":{"0":{"name":"(anonymous_0)","decl":{"start":{"line":6,"column":12},"end":{"line":6,"column":13}},"loc":{"start":{"line":6,"column":30},"end":{"line":9,"column":5}},"line":6},"1":{"name":"(anonymous_1)","decl":{"start":{"line":10,"column":12},"end":{"line":10,"column":13}},"loc":{"start":{"line":10,"column":43},"end":{"line":12,"column":5}},"line":10},"2":{"name":"(anonymous_2)","decl":{"start":{"line":13,"column":12},"end":{"line":13,"column":13}},"loc":{"start":{"line":13,"column":32},"end":{"line":15,"column":5}},"line":13}},"branchMap":{},"s":{"0":1,"1":1,"2":1,"3":0,"4":0,"5":0,"6":0,"7":1,"8":1},"f":{"0":0,"1":0,"2":0},"b":{},"_coverageSchema":"1a1c01bbd47fc00a2c39e90264f33305004495a9","hash":"dd29974994aedd70a725c8ddebeb444fadc75e89"}
,"/home/yari/Desktop/PersonalRepos/vindow/src/api/heros/herosModels.js": {"path":"/home/yari/Desktop/PersonalRepos/vindow/src/api/heros/herosModels.js","statementMap":{"0":{"start":{"line":1,"column":19},"end":{"line":1,"column":38}},"1":{"start":{"line":3,"column":20},"end":{"line":16,"column":2}},"2":{"start":{"line":18,"column":0},"end":{"line":18,"column":29}}},"fnMap":{},"branchMap":{},"s":{"0":1,"1":1,"2":1},"f":{},"b":{},"_coverageSchema":"1a1c01bbd47fc00a2c39e90264f33305004495a9","hash":"e1aa02bf13c69fba10848f24fb5ca955c8e83876"}
,"/home/yari/Desktop/PersonalRepos/vindow/src/config/database.js": {"path":"/home/yari/Desktop/PersonalRepos/vindow/src/config/database.js","statementMap":{"0":{"start":{"line":3,"column":15},"end":{"line":3,"column":34}},"1":{"start":{"line":6,"column":12},"end":{"line":6,"column":28}},"2":{"start":{"line":10,"column":14},"end":{"line":10,"column":40}},"3":{"start":{"line":12,"column":18},"end":{"line":12,"column":33}},"4":{"start":{"line":13,"column":14},"end":{"line":13,"column":31}},"5":{"start":{"line":14,"column":21},"end":{"line":14,"column":35}},"6":{"start":{"line":15,"column":20},"end":{"line":15,"column":38}},"7":{"start":{"line":17,"column":0},"end":{"line":39,"column":1}},"8":{"start":{"line":19,"column":4},"end":{"line":19,"column":28}},"9":{"start":{"line":21,"column":4},"end":{"line":23,"column":7}},"10":{"start":{"line":22,"column":4},"end":{"line":22,"column":77}},"11":{"start":{"line":25,"column":4},"end":{"line":27,"column":7}},"12":{"start":{"line":26,"column":8},"end":{"line":26,"column":84}},"13":{"start":{"line":29,"column":4},"end":{"line":31,"column":7}},"14":{"start":{"line":30,"column":8},"end":{"line":30,"column":81}},"15":{"start":{"line":33,"column":4},"end":{"line":38,"column":7}},"16":{"start":{"line":34,"column":8},"end":{"line":37,"column":11}},"17":{"start":{"line":35,"column":12},"end":{"line":35,"column":115}},"18":{"start":{"line":36,"column":12},"end":{"line":36,"column":27}}},"fnMap":{"0":{"name":"(anonymous_0)","decl":{"start":{"line":17,"column":17},"end":{"line":17,"column":18}},"loc":{"start":{"line":17,"column":23},"end":{"line":39,"column":1}},"line":17},"1":{"name":"(anonymous_1)","decl":{"start":{"line":21,"column":40},"end":{"line":21,"column":41}},"loc":{"start":{"line":21,"column":50},"end":{"line":23,"column":5}},"line":21},"2":{"name":"(anonymous_2)","decl":{"start":{"line":25,"column":36},"end":{"line":25,"column":37}},"loc":{"start":{"line":25,"column":49},"end":{"line":27,"column":5}},"line":25},"3":{"name":"(anonymous_3)","decl":{"start":{"line":29,"column":43},"end":{"line":29,"column":44}},"loc":{"start":{"line":29,"column":53},"end":{"line":31,"column":5}},"line":29},"4":{"name":"(anonymous_4)","decl":{"start":{"line":33,"column":25},"end":{"line":33,"column":26}},"loc":{"start":{"line":33,"column":35},"end":{"line":38,"column":5}},"line":33},"5":{"name":"(anonymous_5)","decl":{"start":{"line":34,"column":34},"end":{"line":34,"column":35}},"loc":{"start":{"line":34,"column":44},"end":{"line":37,"column":9}},"line":34}},"branchMap":{},"s":{"0":1,"1":1,"2":1,"3":1,"4":1,"5":1,"6":1,"7":1,"8":1,"9":1,"10":1,"11":1,"12":0,"13":1,"14":1,"15":1,"16":0,"17":0,"18":0},"f":{"0":1,"1":1,"2":0,"3":1,"4":0,"5":0},"b":{},"_coverageSchema":"1a1c01bbd47fc00a2c39e90264f33305004495a9","hash":"b32f1d537e864de39d08b9518673892751301c9c"}
,"/home/yari/Desktop/PersonalRepos/vindow/src/config/properties.js": {"path":"/home/yari/Desktop/PersonalRepos/vindow/src/config/properties.js","statementMap":{"0":{"start":{"line":1,"column":0},"end":{"line":4,"column":1}}},"fnMap":{},"branchMap":{},"s":{"0":1},"f":{},"b":{},"_coverageSchema":"1a1c01bbd47fc00a2c39e90264f33305004495a9","hash":"89b0749b4f7c5212bcfc724ac99e28d8cc535b59"}
,"/home/yari/Desktop/PersonalRepos/vindow/src/routes/heros.js": {"path":"/home/yari/Desktop/PersonalRepos/vindow/src/routes/heros.js","statementMap":{"0":{"start":{"line":1,"column":16},"end":{"line":1,"column":34}},"1":{"start":{"line":2,"column":15},"end":{"line":2,"column":31}},"2":{"start":{"line":3,"column":14},"end":{"line":3,"column":53}},"3":{"start":{"line":5,"column":0},"end":{"line":5,"column":35}},"4":{"start":{"line":6,"column":0},"end":{"line":6,"column":32}},"5":{"start":{"line":7,"column":0},"end":{"line":7,"column":34}},"6":{"start":{"line":8,"column":0},"end":{"line":8,"column":37}},"7":{"start":{"line":9,"column":0},"end":{"line":9,"column":40}},"8":{"start":{"line":11,"column":0},"end":{"line":11,"column":23}}},"fnMap":{},"branchMap":{},"s":{"0":1,"1":1,"2":1,"3":1,"4":1,"5":1,"6":1,"7":1,"8":1},"f":{},"b":{},"_coverageSchema":"1a1c01bbd47fc00a2c39e90264f33305004495a9","hash":"1821c57fa96cabce8f00410a1998add6f1020437"}
,"/home/yari/Desktop/PersonalRepos/vindow/src/routes/index.js": {"path":"/home/yari/Desktop/PersonalRepos/vindow/src/routes/index.js","statementMap":{"0":{"start":{"line":1,"column":16},"end":{"line":1,"column":34}},"1":{"start":{"line":2,"column":15},"end":{"line":2,"column":31}},"2":{"start":{"line":3,"column":20},"end":{"line":3,"column":38}},"3":{"start":{"line":5,"column":0},"end":{"line":5,"column":34}},"4":{"start":{"line":7,"column":0},"end":{"line":7,"column":24}}},"fnMap":{},"branchMap":{},"s":{"0":1,"1":1,"2":1,"3":1,"4":1},"f":{},"b":{},"_coverageSchema":"1a1c01bbd47fc00a2c39e90264f33305004495a9","hash":"dff404a56b5e909cf4a05337e0f8720397239e56"}
}
